0 info it worked if it ends with ok
1 verbose cli [ 'C:\\Program Files\\nodejs\\node.exe',
1 verbose cli   'C:\\Program Files\\nodejs\\node_modules\\npm\\bin\\npm-cli.js',
1 verbose cli   'install' ]
2 info using npm@2.14.7
3 info using node@v4.2.1
4 verbose readDependencies loading dependencies from C:\Users\Notandi\Documents\GitHub\skjalftaleit\package.json
5 warn package.json Dependency 'pg' exists in both dependencies and devDependencies, using 'pg@^4.4.3' from dependencies
6 verbose install where, deps [ 'C:\\Users\\Notandi\\Documents\\GitHub\\skjalftaleit',
6 verbose install   [ 'body-parser',
6 verbose install     'bower',
6 verbose install     'debug',
6 verbose install     'dotenv',
6 verbose install     'express',
6 verbose install     'jade',
6 verbose install     'pg',
6 verbose install     'serve-favicon',
6 verbose install     'request',
6 verbose install     'browser-sync',
6 verbose install     'gulp',
6 verbose install     'gulp-jshint',
6 verbose install     'gulp-nodemon',
6 verbose install     'jshint' ] ]
7 verbose install where, peers [ 'C:\\Users\\Notandi\\Documents\\GitHub\\skjalftaleit', [] ]
8 verbose installManyTop reading for lifecycle C:\Users\Notandi\Documents\GitHub\skjalftaleit\package.json
9 info preinstall skjalftaleit@0.0.0
10 verbose installManyTop reading scoped package data from C:\Users\Notandi\Documents\GitHub\skjalftaleit\node_modules\body-parser\package.json
11 verbose installManyTop reading scoped package data from C:\Users\Notandi\Documents\GitHub\skjalftaleit\node_modules\bower\package.json
12 verbose installManyTop reading scoped package data from C:\Users\Notandi\Documents\GitHub\skjalftaleit\node_modules\browser-sync\package.json
13 verbose installManyTop reading scoped package data from C:\Users\Notandi\Documents\GitHub\skjalftaleit\node_modules\chai\package.json
14 verbose installManyTop reading scoped package data from C:\Users\Notandi\Documents\GitHub\skjalftaleit\node_modules\cookie-parser\package.json
15 verbose installManyTop reading scoped package data from C:\Users\Notandi\Documents\GitHub\skjalftaleit\node_modules\debug\package.json
16 verbose installManyTop reading scoped package data from C:\Users\Notandi\Documents\GitHub\skjalftaleit\node_modules\dotenv\package.json
17 verbose installManyTop reading scoped package data from C:\Users\Notandi\Documents\GitHub\skjalftaleit\node_modules\express\package.json
18 verbose installManyTop reading scoped package data from C:\Users\Notandi\Documents\GitHub\skjalftaleit\node_modules\express-session\package.json
19 verbose installManyTop reading scoped package data from C:\Users\Notandi\Documents\GitHub\skjalftaleit\node_modules\gulp\package.json
20 verbose installManyTop reading scoped package data from C:\Users\Notandi\Documents\GitHub\skjalftaleit\node_modules\gulp-jshint\package.json
21 verbose installManyTop reading scoped package data from C:\Users\Notandi\Documents\GitHub\skjalftaleit\node_modules\gulp-mocha\package.json
22 verbose installManyTop reading scoped package data from C:\Users\Notandi\Documents\GitHub\skjalftaleit\node_modules\gulp-nodemon\package.json
23 verbose installManyTop reading scoped package data from C:\Users\Notandi\Documents\GitHub\skjalftaleit\node_modules\gulp-sass\package.json
24 verbose installManyTop reading scoped package data from C:\Users\Notandi\Documents\GitHub\skjalftaleit\node_modules\jade\package.json
25 verbose installManyTop reading scoped package data from C:\Users\Notandi\Documents\GitHub\skjalftaleit\node_modules\jshint\package.json
26 verbose installManyTop reading scoped package data from C:\Users\Notandi\Documents\GitHub\skjalftaleit\node_modules\morgan\package.json
27 verbose installManyTop reading scoped package data from C:\Users\Notandi\Documents\GitHub\skjalftaleit\node_modules\pg\package.json
28 verbose installManyTop reading scoped package data from C:\Users\Notandi\Documents\GitHub\skjalftaleit\node_modules\request\package.json
29 verbose installManyTop reading scoped package data from C:\Users\Notandi\Documents\GitHub\skjalftaleit\node_modules\serve-favicon\package.json
30 verbose readDependencies loading dependencies from C:\Users\Notandi\Documents\GitHub\skjalftaleit\package.json
31 verbose targetResolver reading package data from C:\Users\Notandi\Documents\GitHub\skjalftaleit\node_modules\body-parser\package.json
32 verbose targetResolver reading package data from C:\Users\Notandi\Documents\GitHub\skjalftaleit\node_modules\bower\package.json
33 verbose targetResolver reading package data from C:\Users\Notandi\Documents\GitHub\skjalftaleit\node_modules\browser-sync\package.json
34 verbose targetResolver reading package data from C:\Users\Notandi\Documents\GitHub\skjalftaleit\node_modules\chai\package.json
35 verbose targetResolver reading package data from C:\Users\Notandi\Documents\GitHub\skjalftaleit\node_modules\cookie-parser\package.json
36 verbose targetResolver reading package data from C:\Users\Notandi\Documents\GitHub\skjalftaleit\node_modules\debug\package.json
37 verbose targetResolver reading package data from C:\Users\Notandi\Documents\GitHub\skjalftaleit\node_modules\dotenv\package.json
38 verbose targetResolver reading package data from C:\Users\Notandi\Documents\GitHub\skjalftaleit\node_modules\express\package.json
39 verbose targetResolver reading package data from C:\Users\Notandi\Documents\GitHub\skjalftaleit\node_modules\express-session\package.json
40 verbose targetResolver reading package data from C:\Users\Notandi\Documents\GitHub\skjalftaleit\node_modules\gulp\package.json
41 verbose targetResolver reading package data from C:\Users\Notandi\Documents\GitHub\skjalftaleit\node_modules\gulp-jshint\package.json
42 verbose targetResolver reading package data from C:\Users\Notandi\Documents\GitHub\skjalftaleit\node_modules\gulp-mocha\package.json
43 verbose targetResolver reading package data from C:\Users\Notandi\Documents\GitHub\skjalftaleit\node_modules\gulp-nodemon\package.json
44 verbose targetResolver reading package data from C:\Users\Notandi\Documents\GitHub\skjalftaleit\node_modules\gulp-sass\package.json
45 verbose targetResolver reading package data from C:\Users\Notandi\Documents\GitHub\skjalftaleit\node_modules\jade\package.json
46 verbose targetResolver reading package data from C:\Users\Notandi\Documents\GitHub\skjalftaleit\node_modules\jshint\package.json
47 verbose targetResolver reading package data from C:\Users\Notandi\Documents\GitHub\skjalftaleit\node_modules\morgan\package.json
48 verbose targetResolver reading package data from C:\Users\Notandi\Documents\GitHub\skjalftaleit\node_modules\pg\package.json
49 verbose targetResolver reading package data from C:\Users\Notandi\Documents\GitHub\skjalftaleit\node_modules\request\package.json
50 verbose targetResolver reading package data from C:\Users\Notandi\Documents\GitHub\skjalftaleit\node_modules\serve-favicon\package.json
51 verbose targetResolver reading package data from C:\Users\Notandi\Documents\GitHub\skjalftaleit\node_modules\.bin\bower\package.json
52 verbose targetResolver reading package data from C:\Users\Notandi\Documents\GitHub\skjalftaleit\node_modules\.bin\bower.cmd\package.json
53 verbose targetResolver reading package data from C:\Users\Notandi\Documents\GitHub\skjalftaleit\node_modules\.bin\browser-sync\package.json
54 verbose targetResolver reading package data from C:\Users\Notandi\Documents\GitHub\skjalftaleit\node_modules\.bin\browser-sync.cmd\package.json
55 verbose targetResolver reading package data from C:\Users\Notandi\Documents\GitHub\skjalftaleit\node_modules\.bin\gulp\package.json
56 verbose targetResolver reading package data from C:\Users\Notandi\Documents\GitHub\skjalftaleit\node_modules\.bin\gulp.cmd\package.json
57 verbose targetResolver reading package data from C:\Users\Notandi\Documents\GitHub\skjalftaleit\node_modules\.bin\jade\package.json
58 verbose targetResolver reading package data from C:\Users\Notandi\Documents\GitHub\skjalftaleit\node_modules\.bin\jade.cmd\package.json
59 verbose targetResolver reading package data from C:\Users\Notandi\Documents\GitHub\skjalftaleit\node_modules\.bin\jshint\package.json
60 verbose targetResolver reading package data from C:\Users\Notandi\Documents\GitHub\skjalftaleit\node_modules\.bin\jshint.cmd\package.json
61 verbose already installed skipping body-parser@~1.13.2 C:\Users\Notandi\Documents\GitHub\skjalftaleit
62 verbose already installed skipping bower@^1.4.2 C:\Users\Notandi\Documents\GitHub\skjalftaleit
63 verbose already installed skipping debug@~2.2.0 C:\Users\Notandi\Documents\GitHub\skjalftaleit
64 verbose already installed skipping dotenv@^1.2.0 C:\Users\Notandi\Documents\GitHub\skjalftaleit
65 verbose already installed skipping express@~4.13.1 C:\Users\Notandi\Documents\GitHub\skjalftaleit
66 verbose already installed skipping jade@~1.11.0 C:\Users\Notandi\Documents\GitHub\skjalftaleit
67 verbose already installed skipping pg@^4.4.3 C:\Users\Notandi\Documents\GitHub\skjalftaleit
68 verbose already installed skipping serve-favicon@~2.3.0 C:\Users\Notandi\Documents\GitHub\skjalftaleit
69 verbose already installed skipping request@~2.67.0 C:\Users\Notandi\Documents\GitHub\skjalftaleit
70 verbose already installed skipping browser-sync@^2.9.11 C:\Users\Notandi\Documents\GitHub\skjalftaleit
71 verbose already installed skipping gulp@^3.9.0 C:\Users\Notandi\Documents\GitHub\skjalftaleit
72 verbose already installed skipping gulp-jshint@^2.0.0 C:\Users\Notandi\Documents\GitHub\skjalftaleit
73 verbose already installed skipping gulp-nodemon@^2.0.4 C:\Users\Notandi\Documents\GitHub\skjalftaleit
74 verbose already installed skipping jshint@^2.8.0 C:\Users\Notandi\Documents\GitHub\skjalftaleit
75 silly install resolved []
76 info build C:\Users\Notandi\Documents\GitHub\skjalftaleit
77 info linkStuff skjalftaleit@0.0.0
78 silly linkStuff skjalftaleit@0.0.0 has C:\Users\Notandi\Documents\GitHub as its parent node_modules
79 verbose linkBins skjalftaleit@0.0.0
80 verbose linkMans skjalftaleit@0.0.0
81 verbose rebuildBundles skjalftaleit@0.0.0
82 verbose rebuildBundles [ '.bin',
82 verbose rebuildBundles   'body-parser',
82 verbose rebuildBundles   'bower',
82 verbose rebuildBundles   'browser-sync',
82 verbose rebuildBundles   'chai',
82 verbose rebuildBundles   'cookie-parser',
82 verbose rebuildBundles   'debug',
82 verbose rebuildBundles   'dotenv',
82 verbose rebuildBundles   'express',
82 verbose rebuildBundles   'express-session',
82 verbose rebuildBundles   'gulp',
82 verbose rebuildBundles   'gulp-jshint',
82 verbose rebuildBundles   'gulp-mocha',
82 verbose rebuildBundles   'gulp-nodemon',
82 verbose rebuildBundles   'gulp-sass',
82 verbose rebuildBundles   'jade',
82 verbose rebuildBundles   'jshint',
82 verbose rebuildBundles   'morgan',
82 verbose rebuildBundles   'pg',
82 verbose rebuildBundles   'request',
82 verbose rebuildBundles   'serve-favicon' ]
83 verbose rebuild bundle C:\Users\Notandi\Documents\GitHub\skjalftaleit\node_modules\chai
84 info build C:\Users\Notandi\Documents\GitHub\skjalftaleit\node_modules\chai
85 info preinstall chai@3.4.1
86 info linkStuff chai@3.4.1
87 silly linkStuff chai@3.4.1 has C:\Users\Notandi\Documents\GitHub\skjalftaleit\node_modules as its parent node_modules
88 verbose linkBins chai@3.4.1
89 verbose linkMans chai@3.4.1
90 verbose rebuildBundles chai@3.4.1
91 verbose rebuildBundles [ 'assertion-error', 'deep-eql', 'type-detect' ]
92 info install chai@3.4.1
93 info postinstall chai@3.4.1
94 verbose rebuild bundle C:\Users\Notandi\Documents\GitHub\skjalftaleit\node_modules\cookie-parser
95 info build C:\Users\Notandi\Documents\GitHub\skjalftaleit\node_modules\cookie-parser
96 info preinstall cookie-parser@1.3.5
97 info linkStuff cookie-parser@1.3.5
98 silly linkStuff cookie-parser@1.3.5 has C:\Users\Notandi\Documents\GitHub\skjalftaleit\node_modules as its parent node_modules
99 verbose linkBins cookie-parser@1.3.5
100 verbose linkMans cookie-parser@1.3.5
101 verbose rebuildBundles cookie-parser@1.3.5
102 verbose rebuildBundles [ 'cookie', 'cookie-signature' ]
103 info install cookie-parser@1.3.5
104 info postinstall cookie-parser@1.3.5
105 verbose rebuild bundle C:\Users\Notandi\Documents\GitHub\skjalftaleit\node_modules\express-session
106 info build C:\Users\Notandi\Documents\GitHub\skjalftaleit\node_modules\express-session
107 info preinstall express-session@1.12.1
108 info linkStuff express-session@1.12.1
109 silly linkStuff express-session@1.12.1 has C:\Users\Notandi\Documents\GitHub\skjalftaleit\node_modules as its parent node_modules
110 verbose linkBins express-session@1.12.1
111 verbose linkMans express-session@1.12.1
112 verbose rebuildBundles express-session@1.12.1
113 verbose rebuildBundles [ 'cookie',
113 verbose rebuildBundles   'cookie-signature',
113 verbose rebuildBundles   'crc',
113 verbose rebuildBundles   'depd',
113 verbose rebuildBundles   'on-headers',
113 verbose rebuildBundles   'parseurl',
113 verbose rebuildBundles   'uid-safe',
113 verbose rebuildBundles   'utils-merge' ]
114 info install express-session@1.12.1
115 info postinstall express-session@1.12.1
116 verbose rebuild bundle C:\Users\Notandi\Documents\GitHub\skjalftaleit\node_modules\gulp-mocha
117 info build C:\Users\Notandi\Documents\GitHub\skjalftaleit\node_modules\gulp-mocha
118 info preinstall gulp-mocha@2.2.0
119 info linkStuff gulp-mocha@2.2.0
120 silly linkStuff gulp-mocha@2.2.0 has C:\Users\Notandi\Documents\GitHub\skjalftaleit\node_modules as its parent node_modules
121 verbose linkBins gulp-mocha@2.2.0
122 verbose linkMans gulp-mocha@2.2.0
123 verbose rebuildBundles gulp-mocha@2.2.0
124 verbose rebuildBundles [ '.bin',
124 verbose rebuildBundles   'gulp-util',
124 verbose rebuildBundles   'mocha',
124 verbose rebuildBundles   'plur',
124 verbose rebuildBundles   'resolve-from',
124 verbose rebuildBundles   'temp',
124 verbose rebuildBundles   'through' ]
125 info install gulp-mocha@2.2.0
126 info postinstall gulp-mocha@2.2.0
127 verbose rebuild bundle C:\Users\Notandi\Documents\GitHub\skjalftaleit\node_modules\gulp-sass
128 info build C:\Users\Notandi\Documents\GitHub\skjalftaleit\node_modules\gulp-sass
129 info preinstall gulp-sass@2.1.0
130 info linkStuff gulp-sass@2.1.0
131 silly linkStuff gulp-sass@2.1.0 has C:\Users\Notandi\Documents\GitHub\skjalftaleit\node_modules as its parent node_modules
132 verbose linkBins gulp-sass@2.1.0
133 verbose linkMans gulp-sass@2.1.0
134 verbose rebuildBundles gulp-sass@2.1.0
135 verbose rebuildBundles [ '.bin',
135 verbose rebuildBundles   'gulp-util',
135 verbose rebuildBundles   'node-sass',
135 verbose rebuildBundles   'object-assign',
135 verbose rebuildBundles   'through2',
135 verbose rebuildBundles   'vinyl-sourcemaps-apply' ]
136 info install gulp-sass@2.1.0
137 info postinstall gulp-sass@2.1.0
138 verbose rebuild bundle C:\Users\Notandi\Documents\GitHub\skjalftaleit\node_modules\morgan
139 info build C:\Users\Notandi\Documents\GitHub\skjalftaleit\node_modules\morgan
140 info preinstall morgan@1.6.1
141 info linkStuff morgan@1.6.1
142 silly linkStuff morgan@1.6.1 has C:\Users\Notandi\Documents\GitHub\skjalftaleit\node_modules as its parent node_modules
143 verbose linkBins morgan@1.6.1
144 verbose linkMans morgan@1.6.1
145 verbose rebuildBundles morgan@1.6.1
146 verbose rebuildBundles [ 'basic-auth', 'depd', 'on-finished', 'on-headers' ]
147 info install morgan@1.6.1
148 info postinstall morgan@1.6.1
149 info install skjalftaleit@0.0.0
150 info postinstall skjalftaleit@0.0.0
151 verbose unsafe-perm in lifecycle true
152 info skjalftaleit@0.0.0 Failed to exec postinstall script
153 verbose stack Error: skjalftaleit@0.0.0 postinstall: `./node_modules/bower/bin/bower install`
153 verbose stack Exit status 1
153 verbose stack     at EventEmitter.<anonymous> (C:\Program Files\nodejs\node_modules\npm\lib\utils\lifecycle.js:214:16)
153 verbose stack     at emitTwo (events.js:87:13)
153 verbose stack     at EventEmitter.emit (events.js:172:7)
153 verbose stack     at ChildProcess.<anonymous> (C:\Program Files\nodejs\node_modules\npm\lib\utils\spawn.js:24:14)
153 verbose stack     at emitTwo (events.js:87:13)
153 verbose stack     at ChildProcess.emit (events.js:172:7)
153 verbose stack     at maybeClose (internal/child_process.js:818:16)
153 verbose stack     at Process.ChildProcess._handle.onexit (internal/child_process.js:211:5)
154 verbose pkgid skjalftaleit@0.0.0
155 verbose cwd C:\Users\Notandi\Documents\GitHub\skjalftaleit
156 error Windows_NT 6.3.9600
157 error argv "C:\\Program Files\\nodejs\\node.exe" "C:\\Program Files\\nodejs\\node_modules\\npm\\bin\\npm-cli.js" "install"
158 error node v4.2.1
159 error npm  v2.14.7
160 error code ELIFECYCLE
161 error skjalftaleit@0.0.0 postinstall: `./node_modules/bower/bin/bower install`
161 error Exit status 1
162 error Failed at the skjalftaleit@0.0.0 postinstall script './node_modules/bower/bin/bower install'.
162 error This is most likely a problem with the skjalftaleit package,
162 error not with npm itself.
162 error Tell the author that this fails on your system:
162 error     ./node_modules/bower/bin/bower install
162 error You can get their info via:
162 error     npm owner ls skjalftaleit
162 error There is likely additional logging output above.
163 verbose exit [ 1, true ]
